Performing C SOURCE FILE Test CMAKE_HAVE_LIBC_PTHREAD failed with the following output:
Change Dir: /home/windows10/Desktop/ProjekatIzRG/cmake-build-debug/CMakeFiles/CMakeTmp

Run Build Command(s):/usr/bin/gmake cmTC_18370/fast && /usr/bin/gmake  -f CMakeFiles/cmTC_18370.dir/build.make CMakeFiles/cmTC_18370.dir/build
gmake[1]: Entering directory '/home/windows10/Desktop/ProjekatIzRG/cmake-build-debug/CMakeFiles/CMakeTmp'
Building C object CMakeFiles/cmTC_18370.dir/src.c.o
/usr/bin/cc   -DCMAKE_HAVE_LIBC_PTHREAD   -o CMakeFiles/cmTC_18370.dir/src.c.o   -c /home/windows10/Desktop/ProjekatIzRG/cmake-build-debug/CMakeFiles/CMakeTmp/src.c
Linking C executable cmTC_18370
/home/windows10/clion-2020.3.1/bin/cmake/linux/bin/cmake -E cmake_link_script CMakeFiles/cmTC_18370.dir/link.txt --verbose=1
/usr/bin/cc  -DCMAKE_HAVE_LIBC_PTHREAD    CMakeFiles/cmTC_18370.dir/src.c.o  -o cmTC_18370 
/usr/bin/ld: CMakeFiles/cmTC_18370.dir/src.c.o: in function `main':
src.c:(.text+0x46): undefined reference to `pthread_create'
/usr/bin/ld: src.c:(.text+0x52): undefined reference to `pthread_detach'
/usr/bin/ld: src.c:(.text+0x5e): undefined reference to `pthread_cancel'
/usr/bin/ld: src.c:(.text+0x6f): undefined reference to `pthread_join'
collect2: error: ld returned 1 exit status
gmake[1]: *** [CMakeFiles/cmTC_18370.dir/build.make:107: cmTC_18370] Error 1
gmake[1]: Leaving directory '/home/windows10/Desktop/ProjekatIzRG/cmake-build-debug/CMakeFiles/CMakeTmp'
gmake: *** [Makefile:141: cmTC_18370/fast] Error 2


Source file was:
#include <pthread.h>

void* test_func(void* data)
{
  return data;
}

int main(void)
{
  pthread_t thread;
  pthread_create(&thread, NULL, test_func, NULL);
  pthread_detach(thread);
  pthread_cancel(thread);
  pthread_join(thread, NULL);
  pthread_atfork(NULL, NULL, NULL);
  pthread_exit(NULL);

  return 0;
}

Determining if the function pthread_create exists in the pthreads failed with the following output:
Change Dir: /home/windows10/Desktop/ProjekatIzRG/cmake-build-debug/CMakeFiles/CMakeTmp

Run Build Command(s):/usr/bin/gmake cmTC_7bd41/fast && /usr/bin/gmake  -f CMakeFiles/cmTC_7bd41.dir/build.make CMakeFiles/cmTC_7bd41.dir/build
gmake[1]: Entering directory '/home/windows10/Desktop/ProjekatIzRG/cmake-build-debug/CMakeFiles/CMakeTmp'
Building C object CMakeFiles/cmTC_7bd41.dir/CheckFunctionExists.c.o
/usr/bin/cc   -DCHECK_FUNCTION_EXISTS=pthread_create   -o CMakeFiles/cmTC_7bd41.dir/CheckFunctionExists.c.o   -c /home/windows10/clion-2020.3.1/bin/cmake/linux/share/cmake-3.17/Modules/CheckFunctionExists.c
Linking C executable cmTC_7bd41
/home/windows10/clion-2020.3.1/bin/cmake/linux/bin/cmake -E cmake_link_script CMakeFiles/cmTC_7bd41.dir/link.txt --verbose=1
/usr/bin/cc  -DCHECK_FUNCTION_EXISTS=pthread_create    CMakeFiles/cmTC_7bd41.dir/CheckFunctionExists.c.o  -o cmTC_7bd41  -lpthreads 
/usr/bin/ld: cannot find -lpthreads
collect2: error: ld returned 1 exit status
gmake[1]: *** [CMakeFiles/cmTC_7bd41.dir/build.make:107: cmTC_7bd41] Error 1
gmake[1]: Leaving directory '/home/windows10/Desktop/ProjekatIzRG/cmake-build-debug/CMakeFiles/CMakeTmp'
gmake: *** [Makefile:141: cmTC_7bd41/fast] Error 2



